
E:\Workspace\wamp\www\postman\native>set cmd="E:\Workspace\wamp\www\postman\native\update.cmd" 

E:\Workspace\wamp\www\postman\native>set native="D:\Users\Administrator\AppData\Local\Postman" 

E:\Workspace\wamp\www\postman\native>set asar="app.asar" 

E:\Workspace\wamp\www\postman\native>if exist "D:\Users\Administrator\AppData\Local\Postman" (
echo. 
 echo Native App Found ...  
 echo. 
 for /F "tokens=*" %i in ('where /R "D:\Users\Administrator\AppData\Local\Postman" "app.asar"') do (
echo asar e "%i" "%~dpni"  
 call "E:\Workspace\wamp\www\postman\native\update.cmd" "%~dpni" "dir /s /b "E:\Workspace\wamp\www\postman\native\override\*.html""  
 echo asar p "%~dpni" "%i"  
 echo "%~dpni"	 
) 
) 

Native App Found ...


E:\Workspace\wamp\www\postman\native>(
echo asar e "D:\Users\Administrator\AppData\Local\Postman\app-5.3.2\resources\app.asar" "D:\Users\Administrator\AppData\Local\Postman\app-5.3.2\resources\app"  
 call "E:\Workspace\wamp\www\postman\native\update.cmd" "D:\Users\Administrator\AppData\Local\Postman\app-5.3.2\resources\app" "dir /s /b "E:\Workspace\wamp\www\postman\native\override\*.html""  
 echo asar p "D:\Users\Administrator\AppData\Local\Postman\app-5.3.2\resources\app" "D:\Users\Administrator\AppData\Local\Postman\app-5.3.2\resources\app.asar"  
 echo "D:\Users\Administrator\AppData\Local\Postman\app-5.3.2\resources\app"	 
) 
asar e "D:\Users\Administrator\AppData\Local\Postman\app-5.3.2\resources\app.asar" "D:\Users\Administrator\AppData\Local\Postman\app-5.3.2\resources\app"

E:\Workspace\wamp\www\postman\native>setlocal enabledelayedexpansion 

E:\Workspace\wamp\www\postman\native>set app="D:\Users\Administrator\AppData\Local\Postman\app-5.3.2\resources\app" 

E:\Workspace\wamp\www\postman\native>set resources="E:\Workspace\wamp\www\postman\native\resources" 

E:\Workspace\wamp\www\postman\native>pushd "D:\Users\Administrator\AppData\Local\Postman\app-5.3.2\resources\app" 

D:\Users\Administrator\AppData\Local\Postman\app-5.3.2\resources\app>set id=/postman-custom-resources/ 

D:\Users\Administrator\AppData\Local\Postman\app-5.3.2\resources\app>set key=/text\/javascript/ 

D:\Users\Administrator\AppData\Local\Postman\app-5.3.2\resources\app>xcopy /yse "E:\Workspace\wamp\www\postman\native\resources" ""D:\Users\Administrator\AppData\Local\Postman\app-5.3.2\resources\app"" 
E:\Workspace\wamp\www\postman\native\resources\js\custom\bigInt.js
E:\Workspace\wamp\www\postman\native\resources\js\custom\index.js
E:\Workspace\wamp\www\postman\native\resources\js\custom\init.js
E:\Workspace\wamp\www\postman\native\resources\js\custom\jsonpath.js
E:\Workspace\wamp\www\postman\native\resources\js\custom\sprintf.js
E:\Workspace\wamp\www\postman\native\resources\js\custom\uc.js
复制了 6 个文件

D:\Users\Administrator\AppData\Local\Postman\app-5.3.2\resources\app>for /F "delims=, tokens=*" %i in ('dir /s /b "E:\Workspace\wamp\www\postman\native\override\*.html"') do (for /F "delims= tokens=*" %j in ('where /R "D:\Users\Administrator\AppData\Local\Postman\app-5.3.2\resources\app" "%~nxi"') do (
call :modify "%j" "/postman-custom-resources/" "/text\/javascript/" "%i"  
 type "%j"	 
) ) 

D:\Users\Administrator\AppData\Local\Postman\app-5.3.2\resources\app>(for /F "delims= tokens=*" %j in ('where /R "D:\Users\Administrator\AppData\Local\Postman\app-5.3.2\resources\app" "requester.html"') do (
call :modify "%j" "/postman-custom-resources/" "/text\/javascript/" "E:\Workspace\wamp\www\postman\native\override\html\requester.html"  
 type "%j"	 
) ) 

D:\Users\Administrator\AppData\Local\Postman\app-5.3.2\resources\app>(
call :modify "D:\Users\Administrator\AppData\Local\Postman\app-5.3.2\resources\app\html\requester.html" "/postman-custom-resources/" "/text\/javascript/" "E:\Workspace\wamp\www\postman\native\override\html\requester.html"  
 type "D:\Users\Administrator\AppData\Local\Postman\app-5.3.2\resources\app\html\requester.html"	 
) 

D:\Users\Administrator\AppData\Local\Postman\app-5.3.2\resources\app>setlocal enabledelayedexpansion 

D:\Users\Administrator\AppData\Local\Postman\app-5.3.2\resources\app>set FILE_BAK="D:\Users\Administrator\AppData\Local\Postman\app-5.3.2\resources\app\html\requester" 

D:\Users\Administrator\AppData\Local\Postman\app-5.3.2\resources\app>set POS_ID=POS_ID 

D:\Users\Administrator\AppData\Local\Postman\app-5.3.2\resources\app>set POS_KEY=POS_KEY 

D:\Users\Administrator\AppData\Local\Postman\app-5.3.2\resources\app>call :first "/postman-custom-resources/" "D:\Users\Administrator\AppData\Local\Postman\app-5.3.2\resources\app\html\requester.html" POS_ID 

D:\Users\Administrator\AppData\Local\Postman\app-5.3.2\resources\app>setlocal

D:\Users\Administrator\AppData\Local\Postman\app-5.3.2\resources\app>for /F %i in ('gawk "/postman-custom-resources/ {print NR; exit;}" "D:\Users\Administrator\AppData\Local\Postman\app-5.3.2\resources\app\html\requester.html"') do (endlocal   & set "POS_ID=%i"   & goto:eof) 

D:\Users\Administrator\AppData\Local\Postman\app-5.3.2\resources\app>(endlocal   & set "POS_ID=203"   & goto:eof) 

D:\Users\Administrator\AppData\Local\Postman\app-5.3.2\resources\app>call :last "/text\/javascript/" "D:\Users\Administrator\AppData\Local\Postman\app-5.3.2\resources\app\html\requester.html" POS_KEY 

D:\Users\Administrator\AppData\Local\Postman\app-5.3.2\resources\app>setlocal

D:\Users\Administrator\AppData\Local\Postman\app-5.3.2\resources\app>for /F %i in ('gawk "/text\/javascript/ {n=NR} END {print n}" "D:\Users\Administrator\AppData\Local\Postman\app-5.3.2\resources\app\html\requester.html"') do (endlocal   & set "POS_KEY=%i"   & goto:eof) 

D:\Users\Administrator\AppData\Local\Postman\app-5.3.2\resources\app>(endlocal   & set "POS_KEY=208"   & goto:eof) 

D:\Users\Administrator\AppData\Local\Postman\app-5.3.2\resources\app>if 203 GTR 0 (set /a POS_ID=203-1 ) 

D:\Users\Administrator\AppData\Local\Postman\app-5.3.2\resources\app>if 202 EQU 0 (set /a POS_ID=208 ) 

D:\Users\Administrator\AppData\Local\Postman\app-5.3.2\resources\app>if 208 GTR 0 (set /a POS_KEY=208+1 ) 

D:\Users\Administrator\AppData\Local\Postman\app-5.3.2\resources\app>ren "D:\Users\Administrator\AppData\Local\Postman\app-5.3.2\resources\app\html\requester.html" requester 

D:\Users\Administrator\AppData\Local\Postman\app-5.3.2\resources\app>cd.1>"D:\Users\Administrator\AppData\Local\Postman\app-5.3.2\resources\app\html\requester.html" 

D:\Users\Administrator\AppData\Local\Postman\app-5.3.2\resources\app>head -n 202 "D:\Users\Administrator\AppData\Local\Postman\app-5.3.2\resources\app\html\requester"  1>>"D:\Users\Administrator\AppData\Local\Postman\app-5.3.2\resources\app\html\requester.html" 

D:\Users\Administrator\AppData\Local\Postman\app-5.3.2\resources\app>type "E:\Workspace\wamp\www\postman\native\override\html\requester.html"  1>>"D:\Users\Administrator\AppData\Local\Postman\app-5.3.2\resources\app\html\requester.html" 

D:\Users\Administrator\AppData\Local\Postman\app-5.3.2\resources\app>echo.  1>>"D:\Users\Administrator\AppData\Local\Postman\app-5.3.2\resources\app\html\requester.html" 

D:\Users\Administrator\AppData\Local\Postman\app-5.3.2\resources\app>tail -n +209 "D:\Users\Administrator\AppData\Local\Postman\app-5.3.2\resources\app\html\requester"  1>>"D:\Users\Administrator\AppData\Local\Postman\app-5.3.2\resources\app\html\requester.html" 

D:\Users\Administrator\AppData\Local\Postman\app-5.3.2\resources\app>del "D:\Users\Administrator\AppData\Local\Postman\app-5.3.2\resources\app\html\requester" 

D:\Users\Administrator\AppData\Local\Postman\app-5.3.2\resources\app>endlocal disabledelayedexpansion 

D:\Users\Administrator\AppData\Local\Postman\app-5.3.2\resources\app>goto:eof
<!DOCTYPE html>
<html>
  <head>
    <meta charset="UTF-8">
    <title>Postman Webview</title>
  </head>
  <style>
    @font-face {
      font-family: OpenSansSemibold;
      src: url('../assets/fonts/OpenSans/OpenSans-Semibold.ttf');
    }
    @keyframes orbit {
      0% {
        transform: rotate(0deg);
      }

      100% {
        transform: rotate(360deg);
      }
    }

    .pm-loader.is-exiting {
      opacity: 0;
    }

    .pm-loader.is-hidden {
      display: none;
    }

    body {
      margin: 0;
      width: 100vw;
      height: 100vh;
      overflow: hidden;
      position: absolute;
    }

    .pm-loader {
      width: 100%;
      height: 100%;
      z-index: 300;
      position: absolute;
      background: #E8E0CB;
      transition: opacity 0.5s linear;
    }

    .pm-loader-text{
      color: #ef5b25;
      height: 70px;
      font-size: 14px;
      text-align: center;
      position: relative;
      -webkit-user-select: none;
      font-family: OpenSansSemibold, sans-serif;
    }

    .pm-loader-text li {
      opacity: 0;
      display: none;
      list-style: none;
      transition: 0.5s;
    }

    .pm-loader-container {
      width: 100%;
      height: 100%;
      display: flex;
      align-items: center;
      flex-direction: column;
      justify-content: center;
    }

    .pm-loader-atoms {
      width: 100px;
      height: 100px;
      display: flex;
      position: relative;
      align-items: center;
      justify-content: center;
    }

    .pm-loader-center-atom {
      top: 33px;
      left: 33px;
      width: 32px;
      height: 32px;
      position: absolute;
      border-radius: 50%;
      background-color: #ef5b25;
    }

    .pm-loader-orbit-1 {
      top: 20px;
      left: 20px;
      width: 56px;
      height: 56px;
      position: absolute;
      border-radius: 50%;
      border: 1px solid #ef5b25;
    }

    .pm-loader-orbit-2 {
      top: 8px;
      left: 8px;
      width: 80px;
      height: 80px;
      border-radius: 50%;
      position: absolute;
      border: 1px solid #ef5b25;
    }

    .pm-loader-orbit-3 {
      top: -4px;
      left: -4px;
      width: 104px;
      height: 104px;
      position: absolute;
      border-radius: 50%;
      border: 1px solid #ef5b25;
    }

    .pm-loader-atom-1 {
      width: 8px;
      height: 8px;
      margin-top: 4px;
      margin-left: 4px;
      border-radius: 50%;
      background-color: #ef5b25;
      transform-origin: 24px 24px;
      animation: orbit 1s infinite;
      animation-timing-function: linear;
      -webkit-transform-origin: 24px 24px;
    }

    .pm-loader-atom-2 {
      width: 8px;
      height: 8px;
      margin-top: 8px;
      margin-left: 8px;
      border-radius: 50%;
      background-color: #ef5b25;
      transform-origin: 32px 32px;
      animation: orbit 2s infinite;
      animation-timing-function: linear;
      -webkit-transform-origin: 32px 32px;
    }

    .pm-loader-atom-3 {
      width: 8px;
      height: 8px;
      margin-top: 11px;
      margin-left: 11px;
      border-radius: 50%;
      background-color: #ef5b25;
      transform-origin: 41px 41px;
      animation: orbit 3s infinite;
      animation-timing-function: linear;
      -webkit-transform-origin: 41px 41px;
    }

    .app-root {
      width: 100%;
      height: 100%;
      overflow: hidden;
      position: absolute;
    }

    .app-root.is-hidden {
      display: none;
    }
  </style>
  <body>
    <div class='pm-loader'>
    	<div class="pm-loader-container">
    		<div class="pm-loader-text">
    			<li>Opening control valves to antimatter nacelles...</li>
    			<li>Fastening seatbelts...</li>
    			<li>Distorting space-time continuum...</li>
    			<li>Moving satellites into position...</li>
    			<li>Resolving transporter buffer...</li>
    			<li>Launching escape pods...</li>
    		</div>
    		<div class='pm-loader-atoms'>
    			<div class='pm-loader-center-atom'></div>
    			<div class='pm-loader-orbit-1'><div class='pm-loader-atom-1'></div></div>
    			<div class='pm-loader-orbit-2'><div class='pm-loader-atom-2'></div></div>
    			<div class='pm-loader-orbit-3'><div class='pm-loader-atom-3'></div></div>
    		</div>
    	</div>
    </div>
    <div class='app-root'></div>
    <script type="text/javascript" src="../js/utils/preloader.js"></script>
    <script type="text/javascript" src="../js/libs/base64-arraybuffer.js"></script>
    <script type="text/javascript" src="../js/libs/sails.io.js"></script>
    <script type="text/javascript" src="../js/libs/vkbeautify.2.0.js"></script>
    <script type="text/javascript" src="../js/common.js"></script>
    <script type="text/javascript" src="../js/requester.js"></script>
    <script type="text/javascript" src="../js/libs/oauth.js"></script>
    <script type="text/javascript" src="../js/libs/hawk.js"></script>
    <script type="text/javascript" src="../js/libs/raml-parser.min.js"></script>
    <script type="text/javascript" src="../js/libs/converters/all-converters.js"></script>
    <script type="text/javascript" src="../js/libs/uri.js"></script>
<!-- postman-custom-resources -->
<script type="text/javascript" src="../js/custom/jsonpath.js"></script>
<script type="text/javascript" src="../js/custom/bigInt.js"></script>
<script type="text/javascript" src="../js/custom/sprintf.js"></script>
<script type="text/javascript" src="../js/custom/uc.js"></script>
<script type="text/javascript" src="../js/custom/init.js"></script> 
    <!-- Tester sandbox -->
    <iframe id="tester_sandbox" seamless="seamless" src="tester_sandbox.html" style='display: none;'></iframe>
  </body>
</html>

D:\Users\Administrator\AppData\Local\Postman\app-5.3.2\resources\app>(for /F "delims= tokens=*" %j in ('where /R "D:\Users\Administrator\AppData\Local\Postman\app-5.3.2\resources\app" "tester_sandbox.html"') do (
call :modify "%j" "/postman-custom-resources/" "/text\/javascript/" "E:\Workspace\wamp\www\postman\native\override\html\tester_sandbox.html"  
 type "%j"	 
) ) 

D:\Users\Administrator\AppData\Local\Postman\app-5.3.2\resources\app>(
call :modify "D:\Users\Administrator\AppData\Local\Postman\app-5.3.2\resources\app\html\tester_sandbox.html" "/postman-custom-resources/" "/text\/javascript/" "E:\Workspace\wamp\www\postman\native\override\html\tester_sandbox.html"  
 type "D:\Users\Administrator\AppData\Local\Postman\app-5.3.2\resources\app\html\tester_sandbox.html"	 
) 

D:\Users\Administrator\AppData\Local\Postman\app-5.3.2\resources\app>setlocal enabledelayedexpansion 

D:\Users\Administrator\AppData\Local\Postman\app-5.3.2\resources\app>set FILE_BAK="D:\Users\Administrator\AppData\Local\Postman\app-5.3.2\resources\app\html\tester_sandbox" 

D:\Users\Administrator\AppData\Local\Postman\app-5.3.2\resources\app>set POS_ID=POS_ID 

D:\Users\Administrator\AppData\Local\Postman\app-5.3.2\resources\app>set POS_KEY=POS_KEY 

D:\Users\Administrator\AppData\Local\Postman\app-5.3.2\resources\app>call :first "/postman-custom-resources/" "D:\Users\Administrator\AppData\Local\Postman\app-5.3.2\resources\app\html\tester_sandbox.html" POS_ID 

D:\Users\Administrator\AppData\Local\Postman\app-5.3.2\resources\app>setlocal

D:\Users\Administrator\AppData\Local\Postman\app-5.3.2\resources\app>for /F %i in ('gawk "/postman-custom-resources/ {print NR; exit;}" "D:\Users\Administrator\AppData\Local\Postman\app-5.3.2\resources\app\html\tester_sandbox.html"') do (endlocal   & set "POS_ID=%i"   & goto:eof) 

D:\Users\Administrator\AppData\Local\Postman\app-5.3.2\resources\app>(endlocal   & set "POS_ID=21"   & goto:eof) 

D:\Users\Administrator\AppData\Local\Postman\app-5.3.2\resources\app>call :last "/text\/javascript/" "D:\Users\Administrator\AppData\Local\Postman\app-5.3.2\resources\app\html\tester_sandbox.html" POS_KEY 

D:\Users\Administrator\AppData\Local\Postman\app-5.3.2\resources\app>setlocal

D:\Users\Administrator\AppData\Local\Postman\app-5.3.2\resources\app>for /F %i in ('gawk "/text\/javascript/ {n=NR} END {print n}" "D:\Users\Administrator\AppData\Local\Postman\app-5.3.2\resources\app\html\tester_sandbox.html"') do (endlocal   & set "POS_KEY=%i"   & goto:eof) 

D:\Users\Administrator\AppData\Local\Postman\app-5.3.2\resources\app>(endlocal   & set "POS_KEY=26"   & goto:eof) 

D:\Users\Administrator\AppData\Local\Postman\app-5.3.2\resources\app>if 21 GTR 0 (set /a POS_ID=21-1 ) 

D:\Users\Administrator\AppData\Local\Postman\app-5.3.2\resources\app>if 20 EQU 0 (set /a POS_ID=26 ) 

D:\Users\Administrator\AppData\Local\Postman\app-5.3.2\resources\app>if 26 GTR 0 (set /a POS_KEY=26+1 ) 

D:\Users\Administrator\AppData\Local\Postman\app-5.3.2\resources\app>ren "D:\Users\Administrator\AppData\Local\Postman\app-5.3.2\resources\app\html\tester_sandbox.html" tester_sandbox 

D:\Users\Administrator\AppData\Local\Postman\app-5.3.2\resources\app>cd.1>"D:\Users\Administrator\AppData\Local\Postman\app-5.3.2\resources\app\html\tester_sandbox.html" 

D:\Users\Administrator\AppData\Local\Postman\app-5.3.2\resources\app>head -n 20 "D:\Users\Administrator\AppData\Local\Postman\app-5.3.2\resources\app\html\tester_sandbox"  1>>"D:\Users\Administrator\AppData\Local\Postman\app-5.3.2\resources\app\html\tester_sandbox.html" 

D:\Users\Administrator\AppData\Local\Postman\app-5.3.2\resources\app>type "E:\Workspace\wamp\www\postman\native\override\html\tester_sandbox.html"  1>>"D:\Users\Administrator\AppData\Local\Postman\app-5.3.2\resources\app\html\tester_sandbox.html" 

D:\Users\Administrator\AppData\Local\Postman\app-5.3.2\resources\app>echo.  1>>"D:\Users\Administrator\AppData\Local\Postman\app-5.3.2\resources\app\html\tester_sandbox.html" 

D:\Users\Administrator\AppData\Local\Postman\app-5.3.2\resources\app>tail -n +27 "D:\Users\Administrator\AppData\Local\Postman\app-5.3.2\resources\app\html\tester_sandbox"  1>>"D:\Users\Administrator\AppData\Local\Postman\app-5.3.2\resources\app\html\tester_sandbox.html" 

D:\Users\Administrator\AppData\Local\Postman\app-5.3.2\resources\app>del "D:\Users\Administrator\AppData\Local\Postman\app-5.3.2\resources\app\html\tester_sandbox" 

D:\Users\Administrator\AppData\Local\Postman\app-5.3.2\resources\app>endlocal disabledelayedexpansion 

D:\Users\Administrator\AppData\Local\Postman\app-5.3.2\resources\app>goto:eof
<!DOCTYPE html>
<html>
<head>
</head>
<body>
</body>
<script type="text/javascript" src="../js/libs/jquery.min.js"></script>
<script type="text/javascript" src="../js/libs/lodash.min.js"></script>
<script type="text/javascript" src="../js/libs/handlebars.js"></script>
<script type="text/javascript" src="../js/libs/sugar.min.js"></script>
<script type="text/javascript" src="../js/libs/tv4.min.js"></script>
<script type="text/javascript" src="../js/libs/xml2json.js"></script>
<script type="text/javascript" src="../js/libs/xml2json.min.js"></script>
<script type="text/javascript" src="../js/libs/backbone-min.js"></script>
<script type="text/javascript" src="../js/libs/all-crypto.js"></script>
<script type="text/javascript" src="../js/libs/crypto/components/enc-base64-min.js"></script>
<script type="text/javascript" src="../js/libs/request-snippet-generator.js"></script>
<script type="text/javascript" src="../js/tester/jQueryNoConflict.js"></script>
<script type="text/javascript" src="../js/tester/Evaluator.js"></script>
<script type="text/javascript" src="../js/tester/init.js"></script>
<!-- postman-custom-resources -->
<script type="text/javascript" src="../js/custom/jsonpath.js"></script>
<script type="text/javascript" src="../js/custom/bigInt.js"></script>
<script type="text/javascript" src="../js/custom/sprintf.js"></script>
<script type="text/javascript" src="../js/custom/uc.js"></script>
<script type="text/javascript" src="../js/custom/init.js"></script> 
</html>

D:\Users\Administrator\AppData\Local\Postman\app-5.3.2\resources\app>endlocal disabledelayedexpansion 

E:\Workspace\wamp\www\postman\native>goto:eof
asar p "D:\Users\Administrator\AppData\Local\Postman\app-5.3.2\resources\app" "D:\Users\Administrator\AppData\Local\Postman\app-5.3.2\resources\app.asar"
"D:\Users\Administrator\AppData\Local\Postman\app-5.3.2\resources\app"	

E:\Workspace\wamp\www\postman\native>goto:eof
